[0.517s] Invoking command in '/ros2_ws/src/hello_world': PYTHONPATH=/ros2_ws/build/hello_world/prefix_override:/usr/lib/python3/dist-packages/colcon_core/task/python/colcon_distutils_commands:/ros2_ws/install/hello_world/lib/python3.12/site-packages:${PYTHONPATH} /usr/bin/python3 -W ignore:setup.py install is deprecated -W ignore:easy_install command is deprecated setup.py egg_info --egg-base ../../build/hello_world build --build-base /ros2_ws/build/hello_world/build install --record /ros2_ws/build/hello_world/install.log --single-version-externally-managed install_data
[0.640s] running egg_info
[0.650s] writing ../../build/hello_world/hello_world.egg-info/PKG-INFO
[0.655s] writing dependency_links to ../../build/hello_world/hello_world.egg-info/dependency_links.txt
[0.663s] writing entry points to ../../build/hello_world/hello_world.egg-info/entry_points.txt
[0.671s] writing requirements to ../../build/hello_world/hello_world.egg-info/requires.txt
[0.679s] writing top-level names to ../../build/hello_world/hello_world.egg-info/top_level.txt
[0.709s] reading manifest file '../../build/hello_world/hello_world.egg-info/SOURCES.txt'
[0.709s] adding license file 'LICENSE'
[0.710s] writing manifest file '../../build/hello_world/hello_world.egg-info/SOURCES.txt'
[0.712s] running build
[0.713s] running build_py
[0.713s] running install
[0.716s] running install_lib
[0.722s] running install_data
[0.722s] running install_egg_info
[0.729s] removing '/ros2_ws/install/hello_world/lib/python3.12/site-packages/hello_world-0.0.0-py3.12.egg-info' (and everything under it)
[0.738s] Copying ../../build/hello_world/hello_world.egg-info to /ros2_ws/install/hello_world/lib/python3.12/site-packages/hello_world-0.0.0-py3.12.egg-info
[0.743s] running install_scripts
[0.792s] Installing hello_world script to /ros2_ws/install/hello_world/lib/hello_world
[0.797s] writing list of installed files to '/ros2_ws/build/hello_world/install.log'
[0.817s] Invoked command in '/ros2_ws/src/hello_world' returned '0': PYTHONPATH=/ros2_ws/build/hello_world/prefix_override:/usr/lib/python3/dist-packages/colcon_core/task/python/colcon_distutils_commands:/ros2_ws/install/hello_world/lib/python3.12/site-packages:${PYTHONPATH} /usr/bin/python3 -W ignore:setup.py install is deprecated -W ignore:easy_install command is deprecated setup.py egg_info --egg-base ../../build/hello_world build --build-base /ros2_ws/build/hello_world/build install --record /ros2_ws/build/hello_world/install.log --single-version-externally-managed install_data
