[0.549s] Invoking command in '/ros2_ws/src/adore_cv': PYTHONPATH=/ros2_ws/build/adore_cv/prefix_override:/usr/lib/python3/dist-packages/colcon_core/task/python/colcon_distutils_commands:/ros2_ws/install/adore_cv/lib/python3.12/site-packages:${PYTHONPATH} /usr/bin/python3 -W ignore:setup.py install is deprecated -W ignore:easy_install command is deprecated setup.py egg_info --egg-base ../../build/adore_cv build --build-base /ros2_ws/build/adore_cv/build install --record /ros2_ws/build/adore_cv/install.log --single-version-externally-managed install_data
[0.679s] running egg_info
[0.694s] writing ../../build/adore_cv/adore_cv.egg-info/PKG-INFO
[0.698s] writing dependency_links to ../../build/adore_cv/adore_cv.egg-info/dependency_links.txt
[0.707s] writing entry points to ../../build/adore_cv/adore_cv.egg-info/entry_points.txt
[0.714s] writing requirements to ../../build/adore_cv/adore_cv.egg-info/requires.txt
[0.721s] writing top-level names to ../../build/adore_cv/adore_cv.egg-info/top_level.txt
[0.749s] reading manifest file '../../build/adore_cv/adore_cv.egg-info/SOURCES.txt'
[0.750s] writing manifest file '../../build/adore_cv/adore_cv.egg-info/SOURCES.txt'
[0.754s] running build
[0.754s] running build_py
[0.754s] copying adore_cv/adore_cv.py -> /ros2_ws/build/adore_cv/build/lib/adore_cv
[0.762s] running install
[0.765s] running install_lib
[0.771s] copying /ros2_ws/build/adore_cv/build/lib/adore_cv/adore_cv.py -> /ros2_ws/install/adore_cv/lib/python3.12/site-packages/adore_cv
[0.786s] byte-compiling /ros2_ws/install/adore_cv/lib/python3.12/site-packages/adore_cv/adore_cv.py to adore_cv.cpython-312.pyc
[0.789s] running install_data
[0.789s] running install_egg_info
[0.803s] removing '/ros2_ws/install/adore_cv/lib/python3.12/site-packages/adore_cv-0.0.0-py3.12.egg-info' (and everything under it)
[0.805s] Copying ../../build/adore_cv/adore_cv.egg-info to /ros2_ws/install/adore_cv/lib/python3.12/site-packages/adore_cv-0.0.0-py3.12.egg-info
[0.805s] running install_scripts
[0.856s] Installing hello_world_cv script to /ros2_ws/install/adore_cv/lib/adore_cv
[0.861s] writing list of installed files to '/ros2_ws/build/adore_cv/install.log'
[0.892s] Invoked command in '/ros2_ws/src/adore_cv' returned '0': PYTHONPATH=/ros2_ws/build/adore_cv/prefix_override:/usr/lib/python3/dist-packages/colcon_core/task/python/colcon_distutils_commands:/ros2_ws/install/adore_cv/lib/python3.12/site-packages:${PYTHONPATH} /usr/bin/python3 -W ignore:setup.py install is deprecated -W ignore:easy_install command is deprecated setup.py egg_info --egg-base ../../build/adore_cv build --build-base /ros2_ws/build/adore_cv/build install --record /ros2_ws/build/adore_cv/install.log --single-version-externally-managed install_data
