running egg_info
writing ../../build/adore_cv/adore_cv.egg-info/PKG-INFO
writing dependency_links to ../../build/adore_cv/adore_cv.egg-info/dependency_links.txt
writing entry points to ../../build/adore_cv/adore_cv.egg-info/entry_points.txt
writing requirements to ../../build/adore_cv/adore_cv.egg-info/requires.txt
writing top-level names to ../../build/adore_cv/adore_cv.egg-info/top_level.txt
reading manifest file '../../build/adore_cv/adore_cv.egg-info/SOURCES.txt'
writing manifest file '../../build/adore_cv/adore_cv.egg-info/SOURCES.txt'
running build
running build_py
copying adore_cv/adore_cv.py -> /ros2_ws/build/adore_cv/build/lib/adore_cv
running install
running install_lib
copying /ros2_ws/build/adore_cv/build/lib/adore_cv/adore_cv.py -> /ros2_ws/install/adore_cv/lib/python3.12/site-packages/adore_cv
byte-compiling /ros2_ws/install/adore_cv/lib/python3.12/site-packages/adore_cv/adore_cv.py to adore_cv.cpython-312.pyc
running install_data
running install_egg_info
removing '/ros2_ws/install/adore_cv/lib/python3.12/site-packages/adore_cv-0.0.0-py3.12.egg-info' (and everything under it)
Copying ../../build/adore_cv/adore_cv.egg-info to /ros2_ws/install/adore_cv/lib/python3.12/site-packages/adore_cv-0.0.0-py3.12.egg-info
running install_scripts
Installing hello_world_cv script to /ros2_ws/install/adore_cv/lib/adore_cv
writing list of installed files to '/ros2_ws/build/adore_cv/install.log'
