[0.552s] Invoking command in '/ros2_ws/src/adore_cv': PYTHONPATH=/ros2_ws/build/adore_cv/prefix_override:/usr/lib/python3/dist-packages/colcon_core/task/python/colcon_distutils_commands:/ros2_ws/install/adore_cv/lib/python3.12/site-packages:${PYTHONPATH} /usr/bin/python3 -W ignore:setup.py install is deprecated -W ignore:easy_install command is deprecated setup.py egg_info --egg-base ../../build/adore_cv build --build-base /ros2_ws/build/adore_cv/build install --record /ros2_ws/build/adore_cv/install.log --single-version-externally-managed install_data
[0.678s] running egg_info
[0.691s] writing ../../build/adore_cv/adore_cv.egg-info/PKG-INFO
[0.697s] writing dependency_links to ../../build/adore_cv/adore_cv.egg-info/dependency_links.txt
[0.706s] writing entry points to ../../build/adore_cv/adore_cv.egg-info/entry_points.txt
[0.714s] writing requirements to ../../build/adore_cv/adore_cv.egg-info/requires.txt
[0.723s] writing top-level names to ../../build/adore_cv/adore_cv.egg-info/top_level.txt
[0.751s] reading manifest file '../../build/adore_cv/adore_cv.egg-info/SOURCES.txt'
[0.751s] writing manifest file '../../build/adore_cv/adore_cv.egg-info/SOURCES.txt'
[0.755s] running build
[0.756s] running build_py
[0.756s] copying adore_cv/adore_cv.py -> /ros2_ws/build/adore_cv/build/lib/adore_cv
[0.763s] running install
[0.766s] running install_lib
[0.772s] copying /ros2_ws/build/adore_cv/build/lib/adore_cv/adore_cv.py -> /ros2_ws/install/adore_cv/lib/python3.12/site-packages/adore_cv
[0.788s] byte-compiling /ros2_ws/install/adore_cv/lib/python3.12/site-packages/adore_cv/adore_cv.py to adore_cv.cpython-312.pyc
[0.792s] running install_data
[0.792s] running install_egg_info
[0.799s] removing '/ros2_ws/install/adore_cv/lib/python3.12/site-packages/adore_cv-0.0.0-py3.12.egg-info' (and everything under it)
[0.802s] Copying ../../build/adore_cv/adore_cv.egg-info to /ros2_ws/install/adore_cv/lib/python3.12/site-packages/adore_cv-0.0.0-py3.12.egg-info
[0.802s] running install_scripts
[0.851s] Installing hello_world_cv script to /ros2_ws/install/adore_cv/lib/adore_cv
[0.856s] writing list of installed files to '/ros2_ws/build/adore_cv/install.log'
[0.896s] Invoked command in '/ros2_ws/src/adore_cv' returned '0': PYTHONPATH=/ros2_ws/build/adore_cv/prefix_override:/usr/lib/python3/dist-packages/colcon_core/task/python/colcon_distutils_commands:/ros2_ws/install/adore_cv/lib/python3.12/site-packages:${PYTHONPATH} /usr/bin/python3 -W ignore:setup.py install is deprecated -W ignore:easy_install command is deprecated setup.py egg_info --egg-base ../../build/adore_cv build --build-base /ros2_ws/build/adore_cv/build install --record /ros2_ws/build/adore_cv/install.log --single-version-externally-managed install_data
