[0.638s] Invoking command in '/ros2_ws/src/adore_cv': PYTHONPATH=/ros2_ws/build/adore_cv/prefix_override:/usr/lib/python3/dist-packages/colcon_core/task/python/colcon_distutils_commands:/ros2_ws/install/adore_cv/lib/python3.12/site-packages:${PYTHONPATH} /usr/bin/python3 -W ignore:setup.py install is deprecated -W ignore:easy_install command is deprecated setup.py egg_info --egg-base ../../build/adore_cv build --build-base /ros2_ws/build/adore_cv/build install --record /ros2_ws/build/adore_cv/install.log --single-version-externally-managed install_data
[0.772s] running egg_info
[0.783s] writing ../../build/adore_cv/adore_cv.egg-info/PKG-INFO
[0.787s] writing dependency_links to ../../build/adore_cv/adore_cv.egg-info/dependency_links.txt
[0.796s] writing entry points to ../../build/adore_cv/adore_cv.egg-info/entry_points.txt
[0.804s] writing requirements to ../../build/adore_cv/adore_cv.egg-info/requires.txt
[0.813s] writing top-level names to ../../build/adore_cv/adore_cv.egg-info/top_level.txt
[0.842s] reading manifest file '../../build/adore_cv/adore_cv.egg-info/SOURCES.txt'
[0.842s] writing manifest file '../../build/adore_cv/adore_cv.egg-info/SOURCES.txt'
[0.846s] running build
[0.846s] running build_py
[0.846s] running install
[0.849s] running install_lib
[0.856s] running install_data
[0.856s] copying package.xml -> /ros2_ws/install/adore_cv/share/adore_cv
[0.856s] running install_egg_info
[0.863s] removing '/ros2_ws/install/adore_cv/lib/python3.12/site-packages/adore_cv-0.0.0-py3.12.egg-info' (and everything under it)
[0.880s] Copying ../../build/adore_cv/adore_cv.egg-info to /ros2_ws/install/adore_cv/lib/python3.12/site-packages/adore_cv-0.0.0-py3.12.egg-info
[0.881s] running install_scripts
[0.940s] Installing hello_world_cv script to /ros2_ws/install/adore_cv/lib/adore_cv
[0.944s] writing list of installed files to '/ros2_ws/build/adore_cv/install.log'
[1.003s] Invoked command in '/ros2_ws/src/adore_cv' returned '0': PYTHONPATH=/ros2_ws/build/adore_cv/prefix_override:/usr/lib/python3/dist-packages/colcon_core/task/python/colcon_distutils_commands:/ros2_ws/install/adore_cv/lib/python3.12/site-packages:${PYTHONPATH} /usr/bin/python3 -W ignore:setup.py install is deprecated -W ignore:easy_install command is deprecated setup.py egg_info --egg-base ../../build/adore_cv build --build-base /ros2_ws/build/adore_cv/build install --record /ros2_ws/build/adore_cv/install.log --single-version-externally-managed install_data
